Flow report for LPM32
Wed Jan 27 09:37:10 2021
Quartus Prime Version 18.0.0 Build 614 04/24/2018 SJ Standard Edition


---------------------
; Table of Contents ;
---------------------
  1. Legal Notice
  2. Flow Summary
  3. Flow Settings
  4. Flow Non-Default Global Settings
  5. Flow Elapsed Time
  6. Flow OS Summary
  7. Flow Log
  8. Flow Messages
  9. Flow Suppressed Messages



----------------
; Legal Notice ;
----------------
Copyright (C) 2018  Intel Corporation. All rights reserved.
Your use of Intel Corporation's design tools, logic functions 
and other software and tools, and its AMPP partner logic 
functions, and any output files from any of the foregoing 
(including device programming or simulation files), and any 
associated documentation or information are expressly subject 
to the terms and conditions of the Intel Program License 
Subscription Agreement, the Intel Quartus Prime License Agreement,
the Intel FPGA IP License Agreement, or other applicable license
agreement, including, without limitation, that your use is for
the sole purpose of programming logic devices manufactured by
Intel and sold by Intel or its authorized distributors.  Please
refer to the applicable agreement for further details.



+--------------------------------------------------------------------------------------+
; Flow Summary                                                                         ;
+------------------------------------+-------------------------------------------------+
; Flow Status                        ; Successful - Wed Jan 27 09:37:10 2021           ;
; Quartus Prime Version              ; 18.0.0 Build 614 04/24/2018 SJ Standard Edition ;
; Revision Name                      ; LPM32                                           ;
; Top-level Entity Name              ; COUNTER-TEST-C4                                 ;
; Family                             ; Cyclone IV E                                    ;
; Device                             ; EP4CE22F17C8                                    ;
; Timing Models                      ; Final                                           ;
; Total logic elements               ; 152 / 22,320 ( < 1 % )                          ;
;     Total combinational functions  ; 128 / 22,320 ( < 1 % )                          ;
;     Dedicated logic registers      ; 106 / 22,320 ( < 1 % )                          ;
; Total registers                    ; 106                                             ;
; Total pins                         ; 48 / 154 ( 31 % )                               ;
; Total virtual pins                 ; 0                                               ;
; Total memory bits                  ; 4,096 / 608,256 ( < 1 % )                       ;
; Embedded Multiplier 9-bit elements ; 0 / 132 ( 0 % )                                 ;
; Total PLLs                         ; 0 / 4 ( 0 % )                                   ;
+------------------------------------+-------------------------------------------------+


+-----------------------------------------+
; Flow Settings                           ;
+-------------------+---------------------+
; Option            ; Setting             ;
+-------------------+---------------------+
; Start date & time ; 01/26/2021 16:17:43 ;
; Main task         ; Compilation         ;
; Revision Name     ; LPM32               ;
+-------------------+---------------------+


+-----------------------------------------------------------------------------------------------------------------------------------------+
; Flow Non-Default Global Settings                                                                                                        ;
+---------------------------------------+----------------------------------------+---------------+-----------------+----------------------+
; Assignment Name                       ; Value                                  ; Default Value ; Entity Name     ; Section Id           ;
+---------------------------------------+----------------------------------------+---------------+-----------------+----------------------+
; COMPILER_SIGNATURE_ID                 ; 109950611237.161167066308336           ; --            ; --              ; --                   ;
; EDA_INPUT_DATA_FORMAT                 ; Edif                                   ; --            ; --              ; eda_design_synthesis ;
; EDA_NETLIST_WRITER_OUTPUT_DIR         ; SIM/ModelSim                           ; --            ; --              ; eda_simulation       ;
; EDA_OUTPUT_DATA_FORMAT                ; Verilog Hdl                            ; --            ; --              ; eda_simulation       ;
; EDA_RUN_TOOL_AUTOMATICALLY            ; Off                                    ; --            ; --              ; eda_design_synthesis ;
; EDA_SIMULATION_TOOL                   ; ModelSim (Verilog)                     ; <None>        ; --              ; --                   ;
; EDA_TIME_SCALE                        ; 1 ps                                   ; --            ; --              ; eda_simulation       ;
; MAX_CORE_JUNCTION_TEMP                ; 85                                     ; --            ; --              ; --                   ;
; MIN_CORE_JUNCTION_TEMP                ; 0                                      ; --            ; --              ; --                   ;
; MISC_FILE                             ; FR1.bsf                                ; --            ; --              ; --                   ;
; MISC_FILE                             ; FR1_inst.v                             ; --            ; --              ; --                   ;
; MISC_FILE                             ; FR1_bb.v                               ; --            ; --              ; --                   ;
; PARTITION_COLOR                       ; -- (Not supported for targeted family) ; --            ; COUNTER-TEST-C4 ; Top                  ;
; PARTITION_FITTER_PRESERVATION_LEVEL   ; -- (Not supported for targeted family) ; --            ; COUNTER-TEST-C4 ; Top                  ;
; PARTITION_NETLIST_TYPE                ; -- (Not supported for targeted family) ; --            ; COUNTER-TEST-C4 ; Top                  ;
; POWER_BOARD_THERMAL_MODEL             ; None (CONSERVATIVE)                    ; --            ; --              ; --                   ;
; POWER_EXT_SUPPLY_VOLTAGE_TO_REGULATOR ; -- (Not supported for targeted family) ; --            ; --              ; --                   ;
; POWER_PRESET_COOLING_SOLUTION         ; 23 MM HEAT SINK WITH 200 LFPM AIRFLOW  ; --            ; --              ; --                   ;
; PROJECT_OUTPUT_DIRECTORY              ; output_files                           ; --            ; --              ; --                   ;
; TIMING_ANALYZER_MULTICORNER_ANALYSIS  ; Off                                    ; On            ; --              ; --                   ;
; TOP_LEVEL_ENTITY                      ; COUNTER-TEST-C4                        ; LPM32         ; --              ; --                   ;
+---------------------------------------+----------------------------------------+---------------+-----------------+----------------------+


+-----------------------------------------------------------------------------------------------------------------------------+
; Flow Elapsed Time                                                                                                           ;
+-------------------------+--------------+-------------------------+---------------------+------------------------------------+
; Module Name             ; Elapsed Time ; Average Processors Used ; Peak Virtual Memory ; Total CPU Time (on all processors) ;
+-------------------------+--------------+-------------------------+---------------------+------------------------------------+
; Analysis & Synthesis    ; 00:00:16     ; 1.0                     ; 4794 MB             ; 00:00:34                           ;
; Fitter                  ; 00:00:07     ; 1.0                     ; 5564 MB             ; 00:00:09                           ;
; Assembler               ; 00:00:02     ; 1.0                     ; 4701 MB             ; 00:00:02                           ;
; Timing Analyzer         ; 00:00:01     ; 1.0                     ; 4743 MB             ; 00:00:02                           ;
; EDA Netlist Writer      ; 00:00:02     ; 1.0                     ; 4666 MB             ; 00:00:02                           ;
; I/O Assignment Analysis ; 00:00:04     ; 1.0                     ; 4987 MB             ; 00:00:03                           ;
; Total                   ; 00:00:32     ; --                      ; --                  ; 00:00:52                           ;
+-------------------------+--------------+-------------------------+---------------------+------------------------------------+


+---------------------------------------------------------------------------------------+
; Flow OS Summary                                                                       ;
+-------------------------+------------------+------------+------------+----------------+
; Module Name             ; Machine Hostname ; OS Name    ; OS Version ; Processor type ;
+-------------------------+------------------+------------+------------+----------------+
; Analysis & Synthesis    ; Kingdom          ; Windows 10 ; 10.0       ; x86_64         ;
; Fitter                  ; Kingdom          ; Windows 10 ; 10.0       ; x86_64         ;
; Assembler               ; Kingdom          ; Windows 10 ; 10.0       ; x86_64         ;
; Timing Analyzer         ; Kingdom          ; Windows 10 ; 10.0       ; x86_64         ;
; EDA Netlist Writer      ; Kingdom          ; Windows 10 ; 10.0       ; x86_64         ;
; I/O Assignment Analysis ; Kingdom          ; Windows 10 ; 10.0       ; x86_64         ;
+-------------------------+------------------+------------+------------+----------------+


------------
; Flow Log ;
------------
quartus_map --read_settings_files=on --write_settings_files=off LPM32C4 -c LPM32
quartus_fit --read_settings_files=off --write_settings_files=off LPM32C4 -c LPM32
quartus_asm --read_settings_files=off --write_settings_files=off LPM32C4 -c LPM32
quartus_sta LPM32C4 -c LPM32
quartus_eda --read_settings_files=off --write_settings_files=off LPM32C4 -c LPM32
quartus_fit --read_settings_files=on --write_settings_files=off LPM32C4 -c LPM32 --plan



